<?xml version="1.0" encoding="UTF-8"?>
<testsuite name="com.example.demo.StudentServiceTest" tests="1" skipped="0" failures="0" errors="0" timestamp="2019-11-04T20:40:52" hostname="Artur-Komputer" time="0.031">
  <properties/>
  <testcase name="addStudentHasNewId" classname="com.example.demo.StudentServiceTest" time="0.031"/>
  <system-out><![CDATA[]]></system-out>
  <system-err><![CDATA[]]></system-err>
</testsuite>
